<?xml version="1.0" encoding="UTF-8"?>
<testsuites name="jest tests" tests="1" failures="0" errors="0" time="2.371">
  <testsuite name="operate" errors="0" failures="0" skipped="0" timestamp="2021-07-27T17:57:16" time="2.255" tests="1">
    <testcase classname="operate should do something" name="operate should do something" time="0.002">
    </testcase>
  </testsuite>
</testsuites>