<?xml version="1.0" encoding="UTF-8"?>
<testsuites name="jest tests" tests="4" failures="0" errors="0" time="2.04">
  <testsuite name="enums" errors="0" failures="0" skipped="2" timestamp="2021-07-28T15:34:19" time="1.947" tests="4">
    <testcase classname="enums DatePart should have correct number of keys" name="enums DatePart should have correct number of keys" time="0.002">
    </testcase>
    <testcase classname="enums DatePart should correct keys" name="enums DatePart should correct keys" time="0">
      <skipped/>
    </testcase>
    <testcase classname="enums PartToMilliseconds should have correct number of keys" name="enums PartToMilliseconds should have correct number of keys" time="0.001">
    </testcase>
    <testcase classname="enums PartToMilliseconds should correct keys" name="enums PartToMilliseconds should correct keys" time="0">
      <skipped/>
    </testcase>
  </testsuite>
</testsuites>